<?xml version="1.0" encoding="UTF-8"?>
<testng-results skipped="0" failed="0" ignored="0" total="1" passed="1">
  <reporter-output>
  </reporter-output>
  <suite name="Default suite" duration-ms="46263" started-at="2019-09-02T04:45:12Z" finished-at="2019-09-02T04:45:59Z">
    <groups>
    </groups>
    <test name="Default test" duration-ms="46263" started-at="2019-09-02T04:45:12Z" finished-at="2019-09-02T04:45:59Z">
      <class name="TestCases.VerifyTitleDescription">
        <test-method status="PASS" signature="openDiscoveryPage()[pri:0, instance:TestCases.VerifyTitleDescription@1d057a39]" name="openDiscoveryPage" is-config="true" duration-ms="37967" started-at="2019-09-02T04:45:12Z" finished-at="2019-09-02T04:45:50Z">
          <reporter-output>
          </reporter-output>
        </test-method> <!-- openDiscoveryPage -->
        <test-method status="PASS" signature="verifyRecommended()[pri:0, instance:TestCases.VerifyTitleDescription@1d057a39]" name="verifyRecommended" duration-ms="7017" started-at="2019-09-02T04:45:50Z" finished-at="2019-09-02T04:45:58Z">
          <reporter-output>
          </reporter-output>
        </test-method> <!-- verifyRecommended -->
        <test-method status="PASS" signature="quitBrowser()[pri:0, instance:TestCases.VerifyTitleDescription@1d057a39]" name="quitBrowser" is-config="true" duration-ms="1243" started-at="2019-09-02T04:45:58Z" finished-at="2019-09-02T04:45:59Z">
          <reporter-output>
          </reporter-output>
        </test-method> <!-- quitBrowser -->
      </class> <!-- TestCases.VerifyTitleDescription -->
    </test> <!-- Default test -->
  </suite> <!-- Default suite -->
</testng-results>
